<?xml version="1.0" encoding="UTF-8"?>
<!-- Generated by org.testng.reporters.JUnitXMLReporter -->
<testsuite ignored="1" hostname="DESKTOP-93RQOLS" failures="0" tests="1" name="Default test" time="0.079" errors="0" timestamp="2024-10-09T15:50:04 IST">
  <testcase classname="com.comcast.crm.contactTest.EditContactTest" name="editContactPhoneNumberTest" time="0.023"/>
  <testcase classname="com.comcast.crm.contactTest.EditContactTest" name="editContactTest" time="0.0">
    <ignored/>
  </testcase> <!-- editContactTest -->
</testsuite> <!-- Default test -->
