<?xml version="1.0" encoding="UTF-8"?>
<testng-results ignored="1" total="2" passed="1" failed="0" skipped="0">
  <reporter-output>
  </reporter-output>
  <suite started-at="2024-10-09T15:50:03 IST" name="Default suite" finished-at="2024-10-09T15:50:04 IST" duration-ms="79">
    <groups>
    </groups>
    <test started-at="2024-10-09T15:50:03 IST" name="Default test" finished-at="2024-10-09T15:50:04 IST" duration-ms="79">
      <class name="com.comcast.crm.contactTest.EditContactTest">
        <test-method signature="editContactPhoneNumberTest()[pri:0, instance:com.comcast.crm.contactTest.EditContactTest@c88a337]" started-at="2024-10-09T15:50:03 IST" name="editContactPhoneNumberTest" finished-at="2024-10-09T15:50:04 IST" duration-ms="23" status="PASS">
          <reporter-output>
          </reporter-output>
        </test-method> <!-- editContactPhoneNumberTest -->
      </class> <!-- com.comcast.crm.contactTest.EditContactTest -->
    </test> <!-- Default test -->
  </suite> <!-- Default suite -->
</testng-results>
